2026-03-31 10:36:18.344 - DBeaver 26.0.1.202603221810 is starting
2026-03-31 10:36:18.346 - OS: Linux 6.12.74+deb13+1-amd64 (amd64)
2026-03-31 10:36:18.347 - Java version: 21.0.8 by Eclipse Adoptium (64bit)
2026-03-31 10:36:18.347 - Install path: '/usr/share/dbeaver-ce'
2026-03-31 10:36:18.347 - Instance path: 'file:/home/eikmeier/Documentos/dev/nuxt/educlickminimal/db/'
2026-03-31 10:36:18.351 - Memory available 64Mb/1024Mb
2026-03-31 10:36:18.362 - Initialize desktop platform...
2026-03-31 10:36:18.779 - BounceCastle bundle found. Use JCE provider BC
> Start Core File Systems [org.eclipse.core.filesystem 1.11.400.v20251107-0507]
> Start Core Resource Management [org.eclipse.core.resources 3.23.200.v20251217-0810]
> Start DBeaver UI Navigator [org.jkiss.dbeaver.ui.navigator 1.0.175.202603221810]
> Start Team Support Core [org.eclipse.team.core 3.10.1000.v20260112-1030]
2026-03-31 10:36:19.108 - Initialize base platform...
2026-03-31 10:36:19.163 - Schedule collected statistics send
2026-03-31 10:36:19.164 - Platform initialized (802ms)
> Start Equinox Java Authentication and Authorization Service (JAAS) [org.eclipse.equinox.security 1.4.700.v20250622-1644]
> Start Internet Connection Management UI [org.eclipse.ui.net 1.6.0.v20251219-1227]
> Start Internet Connection Management [org.eclipse.core.net 1.5.800.v20250613-1119]
2026-03-31 10:36:19.208 - Proxy service 'org.eclipse.core.net.proxy.IProxyService' loaded
2026-03-31 10:36:19.233 - Create display
2026-03-31 10:36:19.634 - Starting instance server at http://localhost:35669
2026-03-31 10:36:19.645 - Run workbench
> Start Eclipse e4 Workbench SWT [org.eclipse.e4.ui.workbench.swt 0.18.0.v20260119-0835]
> Start Eclipse Application Services [org.eclipse.e4.core.services 2.5.300.v20251112-1253]
> Start Eclipse UI Application Services [org.eclipse.e4.ui.services 1.6.600.v20251023-1358]
> Start Eclipse e4 Progress View [org.eclipse.e4.ui.progress 0.5.0.v20251217-1052]
> Start Eclipse Bindings Support [org.eclipse.e4.ui.bindings 0.15.0.v20251216-1230]
> Start Eclipse e4 core commands [org.eclipse.e4.core.commands 1.1.700.v20250916-0927]
> Start EMF XML/XMI Persistence [org.eclipse.emf.ecore.xmi 2.40.0.v20251210-1145]
> Start Eclipse CSS SWT Theme Support [org.eclipse.e4.ui.css.swt.theme 0.15.0.v20251216-1230]
> Start Eclipse e4 Workbench Add-ons [org.eclipse.e4.ui.workbench.addons.swt 1.6.0.v20251216-1230]
> Start Eclipse e4 Workbench SWT Renderer [org.eclipse.e4.ui.workbench.renderers.swt 0.17.0.v20260131-0926]
> Start Eclipse Dependency Injection Extensions [org.eclipse.e4.core.di.extensions 0.18.300.v20240413-1529]
> Start DBeaver AI Model [org.jkiss.dbeaver.model.ai 2.0.18.202603221810]
> Start DBeaver AI UI [org.jkiss.dbeaver.ui.ai 1.0.77.202603221810]
> Start Eclipse CSS SWT Support [org.eclipse.e4.ui.css.swt 0.16.0.v20251216-1230]
> Start GEF Classic Draw2d [org.eclipse.draw2d 3.22.0.202602231721]
> Start GEF Classic GEF (MVC) [org.eclipse.gef 3.25.0.202602162234]
> Start JFace Text [org.eclipse.jface.text 3.30.0.v20260203-0841]
2026-03-31 10:36:22.306 - Configure workbench window
> Start DBeaver SQL Model [org.jkiss.dbeaver.model.sql 1.0.165.202603221810]
2026-03-31 10:36:22.499 - Total database drivers: 127 (127)
> Start Help System Core [org.eclipse.help 3.11.0.v20251227-1159]
2026-03-31 10:36:22.667 - Create actions
2026-03-31 10:36:23.419 - Initialize workbench window
2026-03-31 10:36:23.450 - Finish initialization
> Start Default Text Editor [org.eclipse.ui.editors 3.21.0.v20260218-1452]
> Start Text Editor Framework [org.eclipse.ui.workbench.texteditor 3.20.0.v20260127-1637]
> Start DBeaver UI Editors - Data [org.jkiss.dbeaver.ui.editors.data 1.0.175.202603221810]
> Start DBeaver UI Editors - SQL [org.jkiss.dbeaver.ui.editors.sql 1.0.175.202603221810]
> Start DBeaver Sample Database [org.jkiss.dbeaver.ui.config.sample 1.0.212.202603221810]
2026-03-31 10:36:26.208 - Open [https://dbeaver.io/product/version.xml]
> Start DBeaver Dashboard UI [org.jkiss.dbeaver.ui.dashboard 1.0.172.202603221810]
> Start DBeaver ERD UI [org.jkiss.dbeaver.ui.editors.erd 3.1.16.202603221810]
> Start DBeaver ERD Model [org.jkiss.dbeaver.model.erd 1.1.16.202603221810]
2026-03-31 10:36:39.533 - Dispose navigator model
2026-03-31 10:36:39.652 - DBeaver is stopping
2026-03-31 10:36:39.655 - Stop instance server
2026-03-31 10:36:40.657 - Instance server has been stopped
2026-03-31 10:36:40.662 - DBeaver shutdown completed
2026-03-31 10:36:40.711 - Shutdown desktop platform...
2026-03-31 10:36:40.713 - Send collected statistics
2026-03-31 10:36:40.716 - Open [https://stats.dbeaver.com/send-statistics?session=f3ceee98-9962-4233-82e2-d69395169361&time=1774964184]
2026-03-31 10:36:41.379 - Statistics sent (OK)
2026-03-31 10:36:41.449 - Platform shutdown completed (738ms)
